<?xml version="1.0" encoding="UTF-8"?>
<!-- Generated by org.testng.reporters.JUnitReportReporter -->
<testsuite hostname="mac.local" failures="0" tests="1" name="RestAssuredTests.Demo1_GetRequest" time="1.363" errors="0" timestamp="2022-10-29T10:45:19 IST" skipped="0">
  <testcase classname="RestAssuredTests.Demo1_GetRequest" name="getProductDetails" time="1.363"/>
  <system-out/>
</testsuite> <!-- RestAssuredTests.Demo1_GetRequest -->
