<?xml version="1.0" encoding="UTF-8"?>
<!-- Generated by org.testng.reporters.JUnitReportReporter -->
<testsuite hostname="mac.local" failures="0" tests="1" name="RestAssuredTests.Demo2_POST_Request" time="1.175" errors="0" timestamp="2022-10-29T10:45:19 IST" skipped="0">
  <testcase classname="RestAssuredTests.Demo2_POST_Request" name="testPost" time="1.175"/>
  <system-out/>
</testsuite> <!-- RestAssuredTests.Demo2_POST_Request -->
