<?xml version="1.0" encoding="UTF-8"?>
<!-- Generated by org.testng.reporters.JUnitReportReporter -->
<testsuite hostname="mac.local" failures="0" tests="1" name="RestAssuredTests.Demo2_POST_Request" time="4.449" errors="0" timestamp="2022-10-29T23:35:12 IST" skipped="0">
  <testcase classname="RestAssuredTests.Demo2_POST_Request" name="testPost" time="4.449"/>
  <system-out/>
</testsuite> <!-- RestAssuredTests.Demo2_POST_Request -->
